{"subject": "+44 77133 00092", "verb": "SEND", "object": "+44 77133 00094", "context": {"body": "What issues are you having?", "created": 1621839523.4468455}, "event": {"created": 1621839523.4468455, "inserted": null}}
{"subject": "+44 77133 00092", "verb": "SEND", "object": "+44 77133 00094", "context": {"body": "What issues are you having?", "created": 1621839523.4468455}, "event": {"created": 1621839523.4468455, "inserted": null}}
{"subject": "+44 77133 00092", "verb": "SEND", "object": "+44 77133 00064", "context": {"body": "Tell everyone to RUN!", "created": 1621839523.4468455}, "event": {"created": 1621839523.4468455, "inserted": null}}
{"subject": "+44 77133 00092", "verb": "SEND", "object": "+44 77133 00064", "context": {"body": "Tell everyone to RUN!", "created": 1621839523.4468455}, "event": {"created": 1621839523.4468455, "inserted": null}}
{"subject": "+44 77133 00092", "verb": "SEND", "object": "+44 77133 00082", "context": {"body": "What the hell is going on!?", "created": 1621839523.4468455}, "event": {"created": 1621839523.4468455, "inserted": null}}
{"subject": "+44 77133 00094", "verb": "SEND", "object": "+44 77133 00092", "context": {"body": "I can't believe we are in this mess!", "created": 1621839523.4468455}, "event": {"created": 1621839523.4468455, "inserted": null}}
{"subject": "+44 77133 00094", "verb": "SEND", "object": "+44 77133 00092", "context": {"body": "I can't believe we are in this mess!", "created": 1621839523.4468455}, "event": {"created": 1621839523.4468455, "inserted": null}}
{"subject": "+44 77133 00094", "verb": "SEND", "object": "+44 77133 00086", "context": {"body": "how do we do this?", "created": 1621839523.4468455}, "event": {"created": 1621839523.4468455, "inserted": null}}
{"subject": "+44 77133 00094", "verb": "SEND", "object": "+44 77133 00086", "context": {"body": "how do we do this?", "created": 1621839523.4468455}, "event": {"created": 1621839523.4468455, "inserted": null}}
{"subject": "+44 77133 00094", "verb": "SEND", "object": "+44 77133 00064", "context": {"body": "tell everyone to report in!", "created": 1621839523.4468455}, "event": {"created": 1621839523.4468455, "inserted": null}}
{"subject": "+44 77133 00094", "verb": "SEND", "object": "+44 77133 00064", "context": {"body": "tell everyone to report in!", "created": 1621839523.4468455}, "event": {"created": 1621839523.4468455, "inserted": null}}
{"subject": "+44 77133 00094", "verb": "SEND", "object": "+44 77133 00057", "context": {"body": "do that!", "created": 1621839523.4468455}, "event": {"created": 1621839523.4468455, "inserted": null}}
{"subject": "+44 77133 00094", "verb": "SEND", "object": "+44 77133 00057", "context": {"body": "do that!", "created": 1621839523.4468455}, "event": {"created": 1621839523.4468455, "inserted": null}}
{"subject": "+44 77133 00094", "verb": "SEND", "object": "+44 77133 00082", "context": {"body": "do that!", "created": 1621839523.4468455}, "event": {"created": 1621839523.4468455, "inserted": null}}
{"subject": "+44 77133 00094", "verb": "SEND", "object": "+44 77133 00022", "context": {"body": "do that!", "created": 1621839523.4468455}, "event": {"created": 1621839523.4468455, "inserted": null}}
{"subject": "+44 77133 00094", "verb": "SEND", "object": "+44 77133 00022", "context": {"body": "do that!", "created": 1621839523.4468455}, "event": {"created": 1621839523.4468455, "inserted": null}}
{"subject": "+44 77133 00094", "verb": "SEND", "object": "+44 77133 00034", "context": {"body": "do that!", "created": 1621839523.4468455}, "event": {"created": 1621839523.4468455, "inserted": null}}
{"subject": "+44 77133 00094", "verb": "SEND", "object": "+44 77133 00034", "context": {"body": "do that!", "created": 1621839523.4468455}, "event": {"created": 1621839523.4468455, "inserted": null}}
{"subject": "+44 77133 00086", "verb": "SEND", "object": "+44 77133 00092", "context": {"body": "I can't believe we are in this mess!", "created": 1621839523.4468455}, "event": {"created": 1621839523.4468455, "inserted": null}}
{"subject": "+44 77133 00086", "verb": "SEND", "object": "+44 77133 00092", "context": {"body": "I can't believe we are in this mess!", "created": 1621839523.4468455}, "event": {"created": 1621839523.4468455, "inserted": null}}
{"subject": "+44 77133 00086", "verb": "SEND", "object": "+44 77133 00094", "context": {"body": "how do we do this?", "created": 1621839523.4468455}, "event": {"created": 1621839523.4468455, "inserted": null}}
{"subject": "+44 77133 00086", "verb": "SEND", "object": "+44 77133 00094", "context": {"body": "how do we do this?", "created": 1621839523.4468455}, "event": {"created": 1621839523.4468455, "inserted": null}}
{"subject": "+44 77133 00086", "verb": "SEND", "object": "+44 77133 00064", "context": {"body": "tell everyone to report in!", "created": 1621839523.4468455}, "event": {"created": 1621839523.4468455, "inserted": null}}
{"subject": "+44 77133 00086", "verb": "SEND", "object": "+44 77133 00064", "context": {"body": "tell everyone to report in!", "created": 1621839523.4468455}, "event": {"created": 1621839523.4468455, "inserted": null}}
{"subject": "+44 77133 00086", "verb": "SEND", "object": "+44 77133 00057", "context": {"body": "do that!", "created": 1621839523.4468455}, "event": {"created": 1621839523.4468455, "inserted": null}}
{"subject": "+44 77133 00086", "verb": "SEND", "object": "+44 77133 00057", "context": {"body": "do that!", "created": 1621839523.4468455}, "event": {"created": 1621839523.4468455, "inserted": null}}
{"subject": "+44 77133 00086", "verb": "SEND", "object": "+44 77133 00082", "context": {"body": "do that!", "created": 1621839523.4468455}, "event": {"created": 1621839523.4468455, "inserted": null}}
{"subject": "+44 77133 00086", "verb": "SEND", "object": "+44 77133 00082", "context": {"body": "do that!", "created": 1621839523.4468455}, "event": {"created": 1621839523.4468455, "inserted": null}}
{"subject": "+44 77133 00086", "verb": "SEND", "object": "+44 77133 00022", "context": {"body": "do that!", "created": 1621839523.4468455}, "event": {"created": 1621839523.4468455, "inserted": null}}
{"subject": "+44 77133 00086", "verb": "SEND", "object": "+44 77133 00022", "context": {"body": "do that!", "created": 1621839523.4468455}, "event": {"created": 1621839523.4468455, "inserted": null}}
{"subject": "+44 77133 00086", "verb": "SEND", "object": "+44 77133 00034", "context": {"body": "do that!", "created": 1621839523.4468455}, "event": {"created": 1621839523.4468455, "inserted": null}}
{"subject": "+44 77133 00086", "verb": "SEND", "object": "+44 77133 00034", "context": {"body": "do that!", "created": 1621839523.4468455}, "event": {"created": 1621839523.4468455, "inserted": null}}
{"subject": "+44 77133 00064", "verb": "SEND", "object": "+44 77133 00092", "context": {"body": "amazing!", "created": 1621839523.4468455}, "event": {"created": 1621839523.4468455, "inserted": null}}
{"subject": "+44 77133 00064", "verb": "SEND", "object": "+44 77133 00094", "context": {"body": "acknowledged", "created": 1621839523.4468455}, "event": {"created": 1621839523.4468455, "inserted": null}}
{"subject": "+44 77133 00064", "verb": "SEND", "object": "+44 77133 00086", "context": {"body": "acknowledged", "created": 1621839523.4468455}, "event": {"created": 1621839523.4468455, "inserted": null}}
{"subject": "+44 77133 00064", "verb": "SEND", "object": "+44 77133 00057", "context": {"body": "do it NOW!", "created": 1621839523.4468455}, "event": {"created": 1621839523.4468455, "inserted": null}}
{"subject": "+44 77133 00064", "verb": "SEND", "object": "+44 77133 00057", "context": {"body": "do it NOW!", "created": 1621839523.4468455}, "event": {"created": 1621839523.4468455, "inserted": null}}
{"subject": "+44 77133 00064", "verb": "SEND", "object": "+44 77133 00082", "context": {"body": "do it NOW!", "created": 1621839523.4468455}, "event": {"created": 1621839523.4468455, "inserted": null}}
{"subject": "+44 77133 00064", "verb": "SEND", "object": "+44 77133 00082", "context": {"body": "do it NOW!", "created": 1621839523.4468455}, "event": {"created": 1621839523.4468455, "inserted": null}}
{"subject": "+44 77133 00064", "verb": "SEND", "object": "+44 77133 00022", "context": {"body": "do it NOW!", "created": 1621839523.4468455}, "event": {"created": 1621839523.4468455, "inserted": null}}
{"subject": "+44 77133 00064", "verb": "SEND", "object": "+44 77133 00022", "context": {"body": "do it NOW!", "created": 1621839523.4468455}, "event": {"created": 1621839523.4468455, "inserted": null}}
{"subject": "+44 77133 00064", "verb": "SEND", "object": "+44 77133 00034", "context": {"body": "do it NOW!", "created": 1621839523.4468455}, "event": {"created": 1621839523.4468455, "inserted": null}}
{"subject": "+44 77133 00064", "verb": "SEND", "object": "+44 77133 00034", "context": {"body": "do it NOW!", "created": 1621839523.4468455}, "event": {"created": 1621839523.4468455, "inserted": null}}
{"subject": "+44 77133 00057", "verb": "SEND", "object": "+44 77133 00094", "context": {"body": "ok sir", "created": 1621839523.4468455}, "event": {"created": 1621839523.4468455, "inserted": null}}
{"subject": "+44 77133 00057", "verb": "SEND", "object": "+44 77133 00094", "context": {"body": "ok sir", "created": 1621839523.4468455}, "event": {"created": 1621839523.4468455, "inserted": null}}
{"subject": "+44 77133 00057", "verb": "SEND", "object": "+44 77133 00064", "context": {"body": "ok", "created": 1621839523.4468455}, "event": {"created": 1621839523.4468455, "inserted": null}}
{"subject": "+44 77133 00057", "verb": "SEND", "object": "+44 77133 00034", "context": {"body": "ok", "created": 1621839523.4468455}, "event": {"created": 1621839523.4468455, "inserted": null}}
{"subject": "+44 77133 00082", "verb": "SEND", "object": "+44 77133 00064", "context": {"body": "ok", "created": 1621839523.4468455}, "event": {"created": 1621839523.4468455, "inserted": null}}
{"subject": "+44 77133 00082", "verb": "SEND", "object": "+44 77133 00022", "context": {"body": "ok", "created": 1621839523.4468455}, "event": {"created": 1621839523.4468455, "inserted": null}}
{"subject": "+44 77133 00082", "verb": "SEND", "object": "+44 77133 00034", "context": {"body": "where are you?", "created": 1621839523.4468455}, "event": {"created": 1621839523.4468455, "inserted": null}}
{"subject": "+44 77133 00022", "verb": "SEND", "object": "+44 77133 00092", "context": {"body": "ok sir, no problem!", "created": 1621839523.4468455}, "event": {"created": 1621839523.4468455, "inserted": null}}
{"subject": "+44 77133 00022", "verb": "SEND", "object": "+44 77133 00094", "context": {"body": "ok sir", "created": 1621839523.4468455}, "event": {"created": 1621839523.4468455, "inserted": null}}
{"subject": "+44 77133 00022", "verb": "SEND", "object": "+44 77133 00082", "context": {"body": "ok", "created": 1621839523.4468455}, "event": {"created": 1621839523.4468455, "inserted": null}}
{"subject": "+44 77133 00022", "verb": "SEND", "object": "+44 77133 00082", "context": {"body": "where are you?", "created": 1621839523.4468455}, "event": {"created": 1621839523.4468455, "inserted": null}}
{"subject": "+44 77133 00022", "verb": "SEND", "object": "+44 77133 00034", "context": {"body": "where are you?", "created": 1621839523.4468455}, "event": {"created": 1621839523.4468455, "inserted": null}}
{"subject": "+44 77133 00034", "verb": "SEND", "object": "+44 77133 00094", "context": {"body": "ok sir", "created": 1621839523.4468455}, "event": {"created": 1621839523.4468455, "inserted": null}}
{"subject": "+44 77133 00034", "verb": "SEND", "object": "+44 77133 00064", "context": {"body": "ok", "created": 1621839523.4468455}, "event": {"created": 1621839523.4468455, "inserted": null}}
{"subject": "+44 77133 00034", "verb": "SEND", "object": "+44 77133 00057", "context": {"body": "where are you?", "created": 1621839523.4468455}, "event": {"created": 1621839523.4468455, "inserted": null}}
